{"/Users/mathiaspeter/projects/systemhealth/_src/test/checks.coffee":{"path":"/Users/mathiaspeter/projects/systemhealth/_src/test/checks.coffee","s":{"1":1,"2":4,"3":5,"4":5,"5":3,"6":2,"7":2,"8":2,"9":4,"10":5,"11":1,"12":1,"13":1,"14":0,"15":0,"16":0,"17":1,"18":1,"19":4,"20":1,"21":2,"22":2,"23":3,"24":3,"25":0,"26":0,"27":3,"28":3,"29":3,"30":0,"31":0,"32":0,"33":0,"34":0,"35":0,"36":0,"37":0,"38":0,"39":1,"40":1,"41":1,"42":1,"43":0,"44":0,"45":1,"46":0,"47":0,"48":1,"49":1,"50":1,"51":1,"52":1,"53":2,"54":2,"55":2,"56":1,"57":0,"58":0,"59":2},"b":{"1":[3,2],"2":[1,0],"3":[0,3],"4":[0,0],"5":[0,1],"6":[0,1],"7":[2,0]},"f":{"1":4,"2":5,"3":5,"4":1,"5":1,"6":2,"7":3,"8":3,"9":0,"10":0,"11":0,"12":1,"13":1,"14":1,"15":1,"16":2,"17":2},"fnMap":{"1":{"name":"_createClient","line":2,"loc":{"start":{"line":2,"column":0},"end":{"line":2,"column":46}}},"2":{"name":"ping","line":4,"loc":{"start":{"line":4,"column":2},"end":{"line":4,"column":15}}},"3":{"name":"(anonymous_1)","line":5,"loc":{"start":{"line":5,"column":15},"end":{"line":5,"column":16}}},"4":{"name":"query","line":15,"loc":{"start":{"line":15,"column":2},"end":{"line":15,"column":27}}},"5":{"name":"(anonymous_2)","line":16,"loc":{"start":{"line":16,"column":15},"end":{"line":16,"column":16}}},"6":{"name":"\"checkFoo\"","line":29,"loc":{"start":{"line":29,"column":1},"end":{"line":29,"column":14}}},"7":{"name":"(anonymous_3)","line":33,"loc":{"start":{"line":33,"column":9},"end":{"line":33,"column":16}}},"8":{"name":"(anonymous_4)","line":34,"loc":{"start":{"line":34,"column":16},"end":{"line":34,"column":30}}},"9":{"name":"\"checkBar\"","line":42,"loc":{"start":{"line":42,"column":1},"end":{"line":42,"column":14}}},"10":{"name":"(anonymous_5)","line":44,"loc":{"start":{"line":44,"column":9},"end":{"line":44,"column":16}}},"11":{"name":"(anonymous_6)","line":45,"loc":{"start":{"line":45,"column":16},"end":{"line":45,"column":30}}},"12":{"name":"\"check42\"","line":53,"loc":{"start":{"line":53,"column":1},"end":{"line":53,"column":13}}},"13":{"name":"(anonymous_7)","line":55,"loc":{"start":{"line":55,"column":9},"end":{"line":55,"column":16}}},"14":{"name":"(anonymous_8)","line":56,"loc":{"start":{"line":56,"column":29},"end":{"line":56,"column":46}}},"15":{"name":"\"checkError\"","line":67,"loc":{"start":{"line":67,"column":1},"end":{"line":67,"column":16}}},"16":{"name":"(anonymous_9)","line":69,"loc":{"start":{"line":69,"column":9},"end":{"line":69,"column":16}}},"17":{"name":"(anonymous_10)","line":70,"loc":{"start":{"line":70,"column":16},"end":{"line":70,"column":30}}}},"statementMap":{"1":{"start":{"line":2,"column":0},"end":{"line":27,"column":1}},"2":{"start":{"line":3,"column":1},"end":{"line":26,"column":0}},"3":{"start":{"line":5,"column":3},"end":{"line":13,"column":13}},"4":{"start":{"line":6,"column":4},"end":{"line":9,"column":22}},"5":{"start":{"line":7,"column":5},"end":{"line":7,"column":22}},"6":{"start":{"line":9,"column":5},"end":{"line":9,"column":22}},"7":{"start":{"line":10,"column":5},"end":{"line":10,"column":38}},"8":{"start":{"line":11,"column":5},"end":{"line":11,"column":14}},"9":{"start":{"line":12,"column":4},"end":{"line":12,"column":9}},"10":{"start":{"line":14,"column":3},"end":{"line":14,"column":8}},"11":{"start":{"line":16,"column":3},"end":{"line":24,"column":13}},"12":{"start":{"line":17,"column":4},"end":{"line":20,"column":22}},"13":{"start":{"line":18,"column":5},"end":{"line":18,"column":65}},"14":{"start":{"line":20,"column":5},"end":{"line":20,"column":22}},"15":{"start":{"line":21,"column":5},"end":{"line":21,"column":39}},"16":{"start":{"line":22,"column":5},"end":{"line":22,"column":14}},"17":{"start":{"line":23,"column":4},"end":{"line":23,"column":9}},"18":{"start":{"line":25,"column":3},"end":{"line":25,"column":8}},"19":{"start":{"line":26,"column":1},"end":{"line":26,"column":11}},"20":{"start":{"line":28,"column":0},"end":{"line":76,"column":9}},"21":{"start":{"line":31,"column":2},"end":{"line":31,"column":26}},"22":{"start":{"line":33,"column":2},"end":{"line":42,"column":0}},"23":{"start":{"line":34,"column":3},"end":{"line":40,"column":2}},"24":{"start":{"line":35,"column":4},"end":{"line":38,"column":3}},"25":{"start":{"line":36,"column":5},"end":{"line":36,"column":26}},"26":{"start":{"line":37,"column":5},"end":{"line":37,"column":10}},"27":{"start":{"line":38,"column":4},"end":{"line":38,"column":19}},"28":{"start":{"line":39,"column":4},"end":{"line":39,"column":9}},"29":{"start":{"line":40,"column":3},"end":{"line":40,"column":8}},"30":{"start":{"line":43,"column":2},"end":{"line":43,"column":32}},"31":{"start":{"line":44,"column":2},"end":{"line":53,"column":0}},"32":{"start":{"line":45,"column":3},"end":{"line":51,"column":2}},"33":{"start":{"line":46,"column":4},"end":{"line":49,"column":3}},"34":{"start":{"line":47,"column":5},"end":{"line":47,"column":26}},"35":{"start":{"line":48,"column":5},"end":{"line":48,"column":10}},"36":{"start":{"line":49,"column":4},"end":{"line":49,"column":19}},"37":{"start":{"line":50,"column":4},"end":{"line":50,"column":9}},"38":{"start":{"line":51,"column":3},"end":{"line":51,"column":8}},"39":{"start":{"line":54,"column":2},"end":{"line":54,"column":26}},"40":{"start":{"line":55,"column":2},"end":{"line":67,"column":0}},"41":{"start":{"line":56,"column":3},"end":{"line":65,"column":2}},"42":{"start":{"line":57,"column":4},"end":{"line":60,"column":3}},"43":{"start":{"line":58,"column":5},"end":{"line":58,"column":26}},"44":{"start":{"line":59,"column":5},"end":{"line":59,"column":10}},"45":{"start":{"line":60,"column":4},"end":{"line":63,"column":3}},"46":{"start":{"line":61,"column":5},"end":{"line":61,"column":21}},"47":{"start":{"line":62,"column":5},"end":{"line":62,"column":10}},"48":{"start":{"line":63,"column":4},"end":{"line":63,"column":19}},"49":{"start":{"line":64,"column":4},"end":{"line":64,"column":9}},"50":{"start":{"line":65,"column":3},"end":{"line":65,"column":8}},"51":{"start":{"line":68,"column":2},"end":{"line":68,"column":39}},"52":{"start":{"line":69,"column":2},"end":{"line":76,"column":9}},"53":{"start":{"line":70,"column":3},"end":{"line":76,"column":2}},"54":{"start":{"line":71,"column":4},"end":{"line":74,"column":3}},"55":{"start":{"line":72,"column":5},"end":{"line":72,"column":26}},"56":{"start":{"line":73,"column":5},"end":{"line":73,"column":10}},"57":{"start":{"line":74,"column":4},"end":{"line":74,"column":19}},"58":{"start":{"line":75,"column":4},"end":{"line":75,"column":9}},"59":{"start":{"line":76,"column":3},"end":{"line":76,"column":8}}},"branchMap":{"1":{"line":6,"type":"if","locations":[{"start":{"line":6,"column":4},"end":{"line":6,"column":4}},{"start":{"line":6,"column":4},"end":{"line":6,"column":4}}]},"2":{"line":17,"type":"if","locations":[{"start":{"line":17,"column":4},"end":{"line":17,"column":4}},{"start":{"line":17,"column":4},"end":{"line":17,"column":4}}]},"3":{"line":35,"type":"if","locations":[{"start":{"line":35,"column":4},"end":{"line":35,"column":4}},{"start":{"line":35,"column":4},"end":{"line":35,"column":4}}]},"4":{"line":46,"type":"if","locations":[{"start":{"line":46,"column":4},"end":{"line":46,"column":4}},{"start":{"line":46,"column":4},"end":{"line":46,"column":4}}]},"5":{"line":57,"type":"if","locations":[{"start":{"line":57,"column":4},"end":{"line":57,"column":4}},{"start":{"line":57,"column":4},"end":{"line":57,"column":4}}]},"6":{"line":60,"type":"if","locations":[{"start":{"line":60,"column":4},"end":{"line":60,"column":4}},{"start":{"line":60,"column":4},"end":{"line":60,"column":4}}]},"7":{"line":71,"type":"if","locations":[{"start":{"line":71,"column":4},"end":{"line":71,"column":4}},{"start":{"line":71,"column":4},"end":{"line":71,"column":4}}]}}},"/Users/mathiaspeter/projects/systemhealth/_src/test/main.coffee":{"path":"/Users/mathiaspeter/projects/systemhealth/_src/test/main.coffee","s":{"1":1,"2":1,"3":1,"4":1,"5":1,"6":1,"7":1,"8":1,"9":1,"10":1,"11":1,"12":1,"13":1,"14":1,"15":1,"16":1,"17":1,"18":1,"19":1,"20":1,"21":1,"22":1,"23":1,"24":1,"25":0,"26":1,"27":1,"28":1,"29":1,"30":1,"31":1,"32":1},"b":{},"f":{"1":1,"2":1,"3":1,"4":1,"5":1,"6":1,"7":1},"fnMap":{"1":{"name":"(anonymous_1)","line":9,"loc":{"start":{"line":9,"column":43},"end":{"line":9,"column":44}}},"2":{"name":"(anonymous_2)","line":11,"loc":{"start":{"line":11,"column":24},"end":{"line":11,"column":25}}},"3":{"name":"(anonymous_3)","line":14,"loc":{"start":{"line":14,"column":16},"end":{"line":14,"column":25}}},"4":{"name":"(anonymous_4)","line":18,"loc":{"start":{"line":18,"column":24},"end":{"line":18,"column":25}}},"5":{"name":"(anonymous_5)","line":28,"loc":{"start":{"line":28,"column":23},"end":{"line":28,"column":32}}},"6":{"name":"(anonymous_6)","line":33,"loc":{"start":{"line":33,"column":27},"end":{"line":33,"column":28}}},"7":{"name":"(anonymous_7)","line":40,"loc":{"start":{"line":40,"column":24},"end":{"line":40,"column":25}}}},"statementMap":{"1":{"start":{"line":1,"column":0},"end":{"line":1,"column":25}},"2":{"start":{"line":3,"column":0},"end":{"line":3,"column":31}},"3":{"start":{"line":5,"column":0},"end":{"line":5,"column":29}},"4":{"start":{"line":7,"column":0},"end":{"line":7,"column":12}},"5":{"start":{"line":9,"column":0},"end":{"line":48,"column":7}},"6":{"start":{"line":11,"column":1},"end":{"line":48,"column":0}},"7":{"start":{"line":14,"column":2},"end":{"line":28,"column":1}},"8":{"start":{"line":15,"column":3},"end":{"line":15,"column":101}},"9":{"start":{"line":16,"column":3},"end":{"line":16,"column":23}},"10":{"start":{"line":18,"column":3},"end":{"line":24,"column":2}},"11":{"start":{"line":19,"column":4},"end":{"line":19,"column":68}},"12":{"start":{"line":20,"column":4},"end":{"line":20,"column":16}},"13":{"start":{"line":21,"column":4},"end":{"line":21,"column":9}},"14":{"start":{"line":22,"column":4},"end":{"line":22,"column":9}},"15":{"start":{"line":24,"column":3},"end":{"line":24,"column":16}},"16":{"start":{"line":25,"column":3},"end":{"line":25,"column":8}},"17":{"start":{"line":28,"column":2},"end":{"line":48,"column":0}},"18":{"start":{"line":30,"column":3},"end":{"line":30,"column":107}},"19":{"start":{"line":31,"column":3},"end":{"line":31,"column":23}},"20":{"start":{"line":33,"column":3},"end":{"line":40,"column":2}},"21":{"start":{"line":34,"column":4},"end":{"line":34,"column":31}},"22":{"start":{"line":35,"column":4},"end":{"line":35,"column":59}},"23":{"start":{"line":36,"column":4},"end":{"line":36,"column":43}},"24":{"start":{"line":37,"column":4},"end":{"line":37,"column":43}},"25":{"start":{"line":38,"column":4},"end":{"line":38,"column":9}},"26":{"start":{"line":40,"column":3},"end":{"line":45,"column":2}},"27":{"start":{"line":41,"column":4},"end":{"line":41,"column":19}},"28":{"start":{"line":42,"column":4},"end":{"line":42,"column":9}},"29":{"start":{"line":43,"column":4},"end":{"line":43,"column":9}},"30":{"start":{"line":45,"column":3},"end":{"line":45,"column":19}},"31":{"start":{"line":46,"column":3},"end":{"line":46,"column":8}},"32":{"start":{"line":48,"column":1},"end":{"line":48,"column":6}}},"branchMap":{}},"/Users/mathiaspeter/projects/systemhealth/_src/index.coffee":{"path":"/Users/mathiaspeter/projects/systemhealth/_src/index.coffee","s":{"1":1,"2":1},"b":{},"f":{},"fnMap":{},"statementMap":{"1":{"start":{"line":1,"column":0},"end":{"line":1,"column":28}},"2":{"start":{"line":3,"column":0},"end":{"line":3,"column":44}}},"branchMap":{}},"/Users/mathiaspeter/projects/systemhealth/_src/lib/systemhealth.coffee":{"path":"/Users/mathiaspeter/projects/systemhealth/_src/lib/systemhealth.coffee","s":{"1":1,"2":1,"3":1,"4":1,"5":1,"6":1,"7":1,"8":2,"9":2,"10":2,"11":0,"12":0,"13":2,"14":0,"15":0,"16":2,"17":2,"18":2,"19":2,"20":0,"21":0,"22":2,"23":2,"24":2,"25":2,"26":2,"27":2,"28":2,"29":2,"30":2,"31":0,"32":2,"33":2,"34":2,"35":2,"36":2,"37":4,"38":4,"39":4,"40":4,"41":0,"42":0,"43":0,"44":2,"45":2,"46":2,"47":2,"48":1,"49":1,"50":1,"51":1,"52":1,"53":2,"54":2,"55":2,"56":2,"57":2,"58":2,"59":1,"60":0,"61":1,"62":1,"63":1,"64":1,"65":1,"66":0,"67":0,"68":0,"69":0,"70":0,"71":0,"72":0,"73":2,"74":1,"75":1,"76":3,"77":1,"78":3,"79":3,"80":4,"81":6,"82":0,"83":0,"84":6,"85":6,"86":6,"87":5,"88":6,"89":6,"90":3,"91":3,"92":3,"93":1,"94":1,"95":3,"96":3,"97":3,"98":0,"99":0,"100":3,"101":3,"102":3,"103":3,"104":3,"105":6,"106":2,"107":4,"108":4,"109":6,"110":4,"111":4,"112":2,"113":2,"114":2,"115":2,"116":2,"117":2,"118":6,"119":2,"120":2,"121":4,"122":6,"123":2,"124":6,"125":1,"126":5,"127":4,"128":3,"129":0,"130":3,"131":3,"132":1,"133":1,"134":2,"135":0,"136":2,"137":1,"138":3,"139":3,"140":2,"141":2,"142":2,"143":1},"b":{"1":[0,2],"2":[0,2],"3":[2,0],"4":[4,0],"5":[2,0],"6":[0,1],"7":[0,0],"8":[1,2],"9":[0,3],"10":[2,4],"11":[4,2],"12":[2,4],"13":[2,4],"14":[1,5],"15":[4,1],"16":[0,3],"17":[1,2],"18":[0,2]},"f":{"1":1,"2":2,"3":2,"4":0,"5":2,"6":2,"7":1,"8":2,"9":1,"10":0,"11":2,"12":1,"13":3,"14":4,"15":6,"16":0,"17":6,"18":3,"19":1,"20":3,"21":3,"22":2},"fnMap":{"1":{"name":"SystemHealth","line":23,"loc":{"start":{"line":23,"column":6},"end":{"line":23,"column":17}}},"2":{"name":"defaults","line":26,"loc":{"start":{"line":26,"column":1},"end":{"line":26,"column":12}}},"3":{"name":"constructor","line":65,"loc":{"start":{"line":65,"column":1},"end":{"line":65,"column":43}}},"4":{"name":"(anonymous_1)","line":93,"loc":{"start":{"line":93,"column":23},"end":{"line":93,"column":24}}},"5":{"name":"_init","line":113,"loc":{"start":{"line":113,"column":1},"end":{"line":113,"column":19}}},"6":{"name":"start","line":147,"loc":{"start":{"line":147,"column":1},"end":{"line":147,"column":9}}},"7":{"name":"(anonymous_2)","line":150,"loc":{"start":{"line":150,"column":19},"end":{"line":150,"column":20}}},"8":{"name":"stop","line":169,"loc":{"start":{"line":169,"column":1},"end":{"line":169,"column":8}}},"9":{"name":"die","line":187,"loc":{"start":{"line":187,"column":1},"end":{"line":187,"column":7}}},"10":{"name":"resurrect","line":207,"loc":{"start":{"line":207,"column":1},"end":{"line":207,"column":13}}},"11":{"name":"getState","line":229,"loc":{"start":{"line":229,"column":1},"end":{"line":229,"column":12}}},"12":{"name":"_onMetric","line":243,"loc":{"start":{"line":243,"column":1},"end":{"line":243,"column":20}}},"13":{"name":"_recheck","line":258,"loc":{"start":{"line":258,"column":1},"end":{"line":258,"column":12}}},"14":{"name":"_checkTimeout","line":277,"loc":{"start":{"line":277,"column":1},"end":{"line":277,"column":29}}},"15":{"name":"(anonymous_3)","line":278,"loc":{"start":{"line":278,"column":9},"end":{"line":278,"column":16}}},"16":{"name":"_timeout","line":279,"loc":{"start":{"line":279,"column":3},"end":{"line":279,"column":15}}},"17":{"name":"(anonymous_4)","line":282,"loc":{"start":{"line":282,"column":6},"end":{"line":282,"column":7}}},"18":{"name":"_check","line":298,"loc":{"start":{"line":298,"column":1},"end":{"line":298,"column":10}}},"19":{"name":"(anonymous_5)","line":304,"loc":{"start":{"line":304,"column":16},"end":{"line":304,"column":25}}},"20":{"name":"(anonymous_6)","line":309,"loc":{"start":{"line":309,"column":8},"end":{"line":309,"column":9}}},"21":{"name":"(anonymous_7)","line":310,"loc":{"start":{"line":310,"column":27},"end":{"line":310,"column":44}}},"22":{"name":"ERRORS","line":385,"loc":{"start":{"line":385,"column":1},"end":{"line":385,"column":10}}}},"statementMap":{"1":{"start":{"line":10,"column":0},"end":{"line":10,"column":19}},"2":{"start":{"line":11,"column":0},"end":{"line":11,"column":27}},"3":{"start":{"line":14,"column":0},"end":{"line":14,"column":37}},"4":{"start":{"line":15,"column":0},"end":{"line":15,"column":25}},"5":{"start":{"line":17,"column":0},"end":{"line":17,"column":39}},"6":{"start":{"line":21,"column":0},"end":{"line":21,"column":25}},"7":{"start":{"line":23,"column":0},"end":{"line":392,"column":18}},"8":{"start":{"line":27,"column":2},"end":{"line":57,"column":0}},"9":{"start":{"line":66,"column":2},"end":{"line":66,"column":17}},"10":{"start":{"line":68,"column":2},"end":{"line":73,"column":1}},"11":{"start":{"line":69,"column":3},"end":{"line":69,"column":38}},"12":{"start":{"line":70,"column":3},"end":{"line":70,"column":8}},"13":{"start":{"line":73,"column":2},"end":{"line":78,"column":1}},"14":{"start":{"line":74,"column":3},"end":{"line":74,"column":39}},"15":{"start":{"line":75,"column":3},"end":{"line":75,"column":8}},"16":{"start":{"line":78,"column":2},"end":{"line":78,"column":17}},"17":{"start":{"line":81,"column":2},"end":{"line":90,"column":2}},"18":{"start":{"line":81,"column":43},"end":{"line":81,"column":72}},"19":{"start":{"line":93,"column":2},"end":{"line":97,"column":1}},"20":{"start":{"line":94,"column":3},"end":{"line":94,"column":34}},"21":{"start":{"line":95,"column":3},"end":{"line":95,"column":8}},"22":{"start":{"line":97,"column":2},"end":{"line":97,"column":34}},"23":{"start":{"line":98,"column":2},"end":{"line":98,"column":7}},"24":{"start":{"line":114,"column":2},"end":{"line":114,"column":14}},"25":{"start":{"line":115,"column":2},"end":{"line":115,"column":13}},"26":{"start":{"line":116,"column":2},"end":{"line":116,"column":16}},"27":{"start":{"line":117,"column":2},"end":{"line":117,"column":18}},"28":{"start":{"line":120,"column":2},"end":{"line":123,"column":30}},"29":{"start":{"line":121,"column":3},"end":{"line":121,"column":90}},"30":{"start":{"line":121,"column":17},"end":{"line":121,"column":81}},"31":{"start":{"line":123,"column":3},"end":{"line":123,"column":30}},"32":{"start":{"line":125,"column":2},"end":{"line":125,"column":50}},"33":{"start":{"line":125,"column":8},"end":{"line":125,"column":50}},"34":{"start":{"line":125,"column":34},"end":{"line":125,"column":47}},"35":{"start":{"line":126,"column":2},"end":{"line":126,"column":13}},"36":{"start":{"line":127,"column":2},"end":{"line":134,"column":1}},"37":{"start":{"line":128,"column":3},"end":{"line":133,"column":38}},"38":{"start":{"line":129,"column":4},"end":{"line":129,"column":23}},"39":{"start":{"line":130,"column":4},"end":{"line":130,"column":26}},"40":{"start":{"line":131,"column":4},"end":{"line":131,"column":73}},"41":{"start":{"line":133,"column":4},"end":{"line":133,"column":38}},"42":{"start":{"line":133,"column":13},"end":{"line":133,"column":38}},"43":{"start":{"line":133,"column":31},"end":{"line":133,"column":35}},"44":{"start":{"line":134,"column":2},"end":{"line":134,"column":9}},"45":{"start":{"line":148,"column":2},"end":{"line":148,"column":15}},"46":{"start":{"line":149,"column":2},"end":{"line":149,"column":10}},"47":{"start":{"line":150,"column":2},"end":{"line":156,"column":1}},"48":{"start":{"line":151,"column":3},"end":{"line":151,"column":19}},"49":{"start":{"line":152,"column":3},"end":{"line":152,"column":18}},"50":{"start":{"line":153,"column":3},"end":{"line":153,"column":13}},"51":{"start":{"line":154,"column":3},"end":{"line":154,"column":17}},"52":{"start":{"line":155,"column":3},"end":{"line":155,"column":8}},"53":{"start":{"line":156,"column":2},"end":{"line":156,"column":9}},"54":{"start":{"line":170,"column":2},"end":{"line":170,"column":17}},"55":{"start":{"line":171,"column":2},"end":{"line":171,"column":37}},"56":{"start":{"line":171,"column":2},"end":{"line":171,"column":25}},"57":{"start":{"line":172,"column":2},"end":{"line":172,"column":16}},"58":{"start":{"line":173,"column":2},"end":{"line":173,"column":9}},"59":{"start":{"line":188,"column":2},"end":{"line":188,"column":27}},"60":{"start":{"line":188,"column":2},"end":{"line":188,"column":13}},"61":{"start":{"line":189,"column":2},"end":{"line":189,"column":15}},"62":{"start":{"line":190,"column":2},"end":{"line":190,"column":11}},"63":{"start":{"line":191,"column":2},"end":{"line":191,"column":31}},"64":{"start":{"line":192,"column":2},"end":{"line":192,"column":13}},"65":{"start":{"line":193,"column":2},"end":{"line":193,"column":12}},"66":{"start":{"line":208,"column":2},"end":{"line":208,"column":23}},"67":{"start":{"line":208,"column":2},"end":{"line":208,"column":13}},"68":{"start":{"line":209,"column":2},"end":{"line":209,"column":14}},"69":{"start":{"line":210,"column":2},"end":{"line":210,"column":12}},"70":{"start":{"line":211,"column":2},"end":{"line":211,"column":37}},"71":{"start":{"line":212,"column":2},"end":{"line":212,"column":20}},"72":{"start":{"line":213,"column":2},"end":{"line":213,"column":12}},"73":{"start":{"line":230,"column":2},"end":{"line":230,"column":22}},"74":{"start":{"line":244,"column":2},"end":{"line":244,"column":47}},"75":{"start":{"line":245,"column":2},"end":{"line":245,"column":7}},"76":{"start":{"line":259,"column":2},"end":{"line":259,"column":37}},"77":{"start":{"line":259,"column":2},"end":{"line":259,"column":25}},"78":{"start":{"line":260,"column":2},"end":{"line":260,"column":44}},"79":{"start":{"line":261,"column":2},"end":{"line":261,"column":9}},"80":{"start":{"line":278,"column":2},"end":{"line":289,"column":0}},"81":{"start":{"line":279,"column":3},"end":{"line":282,"column":2}},"82":{"start":{"line":280,"column":4},"end":{"line":280,"column":83}},"83":{"start":{"line":281,"column":4},"end":{"line":281,"column":9}},"84":{"start":{"line":282,"column":3},"end":{"line":286,"column":2}},"85":{"start":{"line":283,"column":4},"end":{"line":283,"column":23}},"86":{"start":{"line":284,"column":4},"end":{"line":284,"column":27}},"87":{"start":{"line":285,"column":4},"end":{"line":285,"column":9}},"88":{"start":{"line":286,"column":3},"end":{"line":286,"column":52}},"89":{"start":{"line":287,"column":3},"end":{"line":287,"column":8}},"90":{"start":{"line":300,"column":2},"end":{"line":300,"column":12}},"91":{"start":{"line":303,"column":2},"end":{"line":303,"column":20}},"92":{"start":{"line":304,"column":2},"end":{"line":309,"column":1}},"93":{"start":{"line":305,"column":3},"end":{"line":305,"column":30}},"94":{"start":{"line":306,"column":3},"end":{"line":306,"column":8}},"95":{"start":{"line":309,"column":2},"end":{"line":372,"column":1}},"96":{"start":{"line":310,"column":3},"end":{"line":371,"column":2}},"97":{"start":{"line":311,"column":4},"end":{"line":315,"column":3}},"98":{"start":{"line":312,"column":5},"end":{"line":312,"column":62}},"99":{"start":{"line":313,"column":5},"end":{"line":313,"column":10}},"100":{"start":{"line":315,"column":4},"end":{"line":315,"column":28}},"101":{"start":{"line":318,"column":4},"end":{"line":318,"column":16}},"102":{"start":{"line":319,"column":4},"end":{"line":319,"column":16}},"103":{"start":{"line":320,"column":4},"end":{"line":320,"column":21}},"104":{"start":{"line":323,"column":4},"end":{"line":355,"column":3}},"105":{"start":{"line":325,"column":5},"end":{"line":328,"column":19}},"106":{"start":{"line":326,"column":6},"end":{"line":326,"column":29}},"107":{"start":{"line":328,"column":6},"end":{"line":328,"column":19}},"108":{"start":{"line":329,"column":6},"end":{"line":329,"column":16}},"109":{"start":{"line":332,"column":5},"end":{"line":336,"column":17}},"110":{"start":{"line":333,"column":6},"end":{"line":333,"column":25}},"111":{"start":{"line":334,"column":6},"end":{"line":334,"column":26}},"112":{"start":{"line":336,"column":6},"end":{"line":336,"column":17}},"113":{"start":{"line":337,"column":6},"end":{"line":337,"column":37}},"114":{"start":{"line":337,"column":15},"end":{"line":337,"column":30}},"115":{"start":{"line":337,"column":25},"end":{"line":337,"column":29}},"116":{"start":{"line":338,"column":6},"end":{"line":338,"column":23}},"117":{"start":{"line":339,"column":6},"end":{"line":339,"column":28}},"118":{"start":{"line":344,"column":5},"end":{"line":344,"column":97}},"119":{"start":{"line":344,"column":46},"end":{"line":344,"column":70}},"120":{"start":{"line":344,"column":48},"end":{"line":344,"column":68}},"121":{"start":{"line":344,"column":77},"end":{"line":344,"column":86}},"122":{"start":{"line":345,"column":5},"end":{"line":349,"column":4}},"123":{"start":{"line":346,"column":6},"end":{"line":346,"column":37}},"124":{"start":{"line":349,"column":5},"end":{"line":355,"column":3}},"125":{"start":{"line":350,"column":6},"end":{"line":350,"column":17}},"126":{"start":{"line":351,"column":10},"end":{"line":355,"column":3}},"127":{"start":{"line":352,"column":6},"end":{"line":352,"column":22}},"128":{"start":{"line":355,"column":4},"end":{"line":358,"column":3}},"129":{"start":{"line":356,"column":5},"end":{"line":356,"column":22}},"130":{"start":{"line":358,"column":4},"end":{"line":358,"column":38}},"131":{"start":{"line":361,"column":4},"end":{"line":366,"column":3}},"132":{"start":{"line":362,"column":5},"end":{"line":362,"column":10}},"133":{"start":{"line":363,"column":5},"end":{"line":363,"column":10}},"134":{"start":{"line":366,"column":4},"end":{"line":369,"column":3}},"135":{"start":{"line":367,"column":5},"end":{"line":367,"column":16}},"136":{"start":{"line":369,"column":4},"end":{"line":369,"column":33}},"137":{"start":{"line":370,"column":4},"end":{"line":370,"column":9}},"138":{"start":{"line":371,"column":3},"end":{"line":371,"column":8}},"139":{"start":{"line":372,"column":2},"end":{"line":372,"column":7}},"140":{"start":{"line":386,"column":2},"end":{"line":392,"column":18}},"141":{"start":{"line":389,"column":26},"end":{"line":389,"column":91}},"142":{"start":{"line":389,"column":43},"end":{"line":389,"column":47}},"143":{"start":{"line":393,"column":0},"end":{"line":393,"column":28}}},"branchMap":{"1":{"line":68,"type":"if","locations":[{"start":{"line":68,"column":2},"end":{"line":68,"column":2}},{"start":{"line":68,"column":2},"end":{"line":68,"column":2}}]},"2":{"line":73,"type":"if","locations":[{"start":{"line":73,"column":2},"end":{"line":73,"column":2}},{"start":{"line":73,"column":2},"end":{"line":73,"column":2}}]},"3":{"line":120,"type":"if","locations":[{"start":{"line":120,"column":2},"end":{"line":120,"column":2}},{"start":{"line":120,"column":2},"end":{"line":120,"column":2}}]},"4":{"line":128,"type":"if","locations":[{"start":{"line":128,"column":3},"end":{"line":128,"column":3}},{"start":{"line":128,"column":3},"end":{"line":128,"column":3}}]},"5":{"line":171,"type":"if","locations":[{"start":{"line":171,"column":2},"end":{"line":171,"column":2}},{"start":{"line":171,"column":2},"end":{"line":171,"column":2}}]},"6":{"line":188,"type":"if","locations":[{"start":{"line":188,"column":2},"end":{"line":188,"column":2}},{"start":{"line":188,"column":2},"end":{"line":188,"column":2}}]},"7":{"line":208,"type":"if","locations":[{"start":{"line":208,"column":2},"end":{"line":208,"column":2}},{"start":{"line":208,"column":2},"end":{"line":208,"column":2}}]},"8":{"line":259,"type":"if","locations":[{"start":{"line":259,"column":2},"end":{"line":259,"column":2}},{"start":{"line":259,"column":2},"end":{"line":259,"column":2}}]},"9":{"line":311,"type":"if","locations":[{"start":{"line":311,"column":4},"end":{"line":311,"column":4}},{"start":{"line":311,"column":4},"end":{"line":311,"column":4}}]},"10":{"line":325,"type":"if","locations":[{"start":{"line":325,"column":5},"end":{"line":325,"column":5}},{"start":{"line":325,"column":5},"end":{"line":325,"column":5}}]},"11":{"line":332,"type":"if","locations":[{"start":{"line":332,"column":5},"end":{"line":332,"column":5}},{"start":{"line":332,"column":5},"end":{"line":332,"column":5}}]},"12":{"line":344,"type":"if","locations":[{"start":{"line":344,"column":32},"end":{"line":344,"column":32}},{"start":{"line":344,"column":32},"end":{"line":344,"column":32}}]},"13":{"line":345,"type":"if","locations":[{"start":{"line":345,"column":5},"end":{"line":345,"column":5}},{"start":{"line":345,"column":5},"end":{"line":345,"column":5}}]},"14":{"line":349,"type":"if","locations":[{"start":{"line":349,"column":5},"end":{"line":349,"column":5}},{"start":{"line":349,"column":5},"end":{"line":349,"column":5}}]},"15":{"line":351,"type":"if","locations":[{"start":{"line":351,"column":10},"end":{"line":351,"column":10}},{"start":{"line":351,"column":10},"end":{"line":351,"column":10}}]},"16":{"line":355,"type":"if","locations":[{"start":{"line":355,"column":4},"end":{"line":355,"column":4}},{"start":{"line":355,"column":4},"end":{"line":355,"column":4}}]},"17":{"line":361,"type":"if","locations":[{"start":{"line":361,"column":4},"end":{"line":361,"column":4}},{"start":{"line":361,"column":4},"end":{"line":361,"column":4}}]},"18":{"line":366,"type":"if","locations":[{"start":{"line":366,"column":4},"end":{"line":366,"column":4}},{"start":{"line":366,"column":4},"end":{"line":366,"column":4}}]}}},"/Users/mathiaspeter/projects/systemhealth/_src/lib/utils.coffee":{"path":"/Users/mathiaspeter/projects/systemhealth/_src/lib/utils.coffee","s":{"1":1,"2":0,"3":0,"4":0,"5":0,"6":0,"7":0,"8":0,"9":0,"10":0,"11":0,"12":0,"13":0,"14":0,"15":0,"16":2,"17":2},"b":{"1":[0,0],"2":[0,0],"3":[0,0]},"f":{"1":0,"2":2},"fnMap":{"1":{"name":"randomString","line":25,"loc":{"start":{"line":25,"column":1},"end":{"line":25,"column":56}}},"2":{"name":"randRange","line":52,"loc":{"start":{"line":52,"column":1},"end":{"line":52,"column":32}}}},"statementMap":{"1":{"start":{"line":8,"column":0},"end":{"line":53,"column":62}},"2":{"start":{"line":26,"column":2},"end":{"line":26,"column":63}},"3":{"start":{"line":27,"column":2},"end":{"line":27,"column":43}},"4":{"start":{"line":27,"column":2},"end":{"line":27,"column":22}},"5":{"start":{"line":28,"column":2},"end":{"line":28,"column":38}},"6":{"start":{"line":28,"column":2},"end":{"line":28,"column":17}},"7":{"start":{"line":29,"column":2},"end":{"line":29,"column":101}},"8":{"start":{"line":29,"column":2},"end":{"line":29,"column":80}},"9":{"start":{"line":31,"column":2},"end":{"line":31,"column":18}},"10":{"start":{"line":32,"column":2},"end":{"line":32,"column":6}},"11":{"start":{"line":34,"column":2},"end":{"line":34,"column":24}},"12":{"start":{"line":35,"column":3},"end":{"line":35,"column":49}},"13":{"start":{"line":36,"column":3},"end":{"line":36,"column":49}},"14":{"start":{"line":37,"column":3},"end":{"line":37,"column":5}},"15":{"start":{"line":38,"column":2},"end":{"line":38,"column":13}},"16":{"start":{"line":53,"column":2},"end":{"line":53,"column":61}},"17":{"start":{"line":53,"column":36},"end":{"line":53,"column":51}}},"branchMap":{"1":{"line":27,"type":"if","locations":[{"start":{"line":27,"column":2},"end":{"line":27,"column":2}},{"start":{"line":27,"column":2},"end":{"line":27,"column":2}}]},"2":{"line":28,"type":"if","locations":[{"start":{"line":28,"column":2},"end":{"line":28,"column":2}},{"start":{"line":28,"column":2},"end":{"line":28,"column":2}}]},"3":{"line":29,"type":"if","locations":[{"start":{"line":29,"column":2},"end":{"line":29,"column":2}},{"start":{"line":29,"column":2},"end":{"line":29,"column":2}}]}}}}