TN:
SF:/Users/mathiaspeter/projects/systemhealth/_src/test/checks.coffee
FN:2,_createClient
FN:4,ping
FN:5,(anonymous_1)
FN:15,query
FN:16,(anonymous_2)
FN:29,"checkFoo"
FN:33,(anonymous_3)
FN:34,(anonymous_4)
FN:42,"checkBar"
FN:44,(anonymous_5)
FN:45,(anonymous_6)
FN:53,"check42"
FN:55,(anonymous_7)
FN:56,(anonymous_8)
FN:67,"checkError"
FN:69,(anonymous_9)
FN:70,(anonymous_10)
FNF:17
FNH:14
FNDA:4,_createClient
FNDA:5,ping
FNDA:5,(anonymous_1)
FNDA:1,query
FNDA:1,(anonymous_2)
FNDA:2,"checkFoo"
FNDA:3,(anonymous_3)
FNDA:3,(anonymous_4)
FNDA:0,"checkBar"
FNDA:0,(anonymous_5)
FNDA:0,(anonymous_6)
FNDA:1,"check42"
FNDA:1,(anonymous_7)
FNDA:1,(anonymous_8)
FNDA:1,"checkError"
FNDA:2,(anonymous_9)
FNDA:2,(anonymous_10)
DA:2,1
DA:3,4
DA:5,5
DA:6,5
DA:7,3
DA:9,2
DA:10,2
DA:11,2
DA:12,4
DA:14,5
DA:16,1
DA:17,1
DA:18,1
DA:20,0
DA:21,0
DA:22,0
DA:23,1
DA:25,1
DA:26,4
DA:28,1
DA:31,2
DA:33,2
DA:34,3
DA:35,3
DA:36,0
DA:37,0
DA:38,3
DA:39,3
DA:40,3
DA:43,0
DA:44,0
DA:45,0
DA:46,0
DA:47,0
DA:48,0
DA:49,0
DA:50,0
DA:51,0
DA:54,1
DA:55,1
DA:56,1
DA:57,1
DA:58,0
DA:59,0
DA:60,1
DA:61,0
DA:62,0
DA:63,1
DA:64,1
DA:65,1
DA:68,1
DA:69,1
DA:70,2
DA:71,2
DA:72,2
DA:73,1
DA:74,0
DA:75,0
DA:76,2
LF:59
LH:39
BRDA:6,1,0,3
BRDA:6,1,1,2
BRDA:17,2,0,1
BRDA:17,2,1,0
BRDA:35,3,0,0
BRDA:35,3,1,3
BRDA:46,4,0,0
BRDA:46,4,1,0
BRDA:57,5,0,0
BRDA:57,5,1,1
BRDA:60,6,0,0
BRDA:60,6,1,1
BRDA:71,7,0,2
BRDA:71,7,1,0
BRF:14
BRH:7
end_of_record
TN:
SF:/Users/mathiaspeter/projects/systemhealth/_src/test/main.coffee
FN:9,(anonymous_1)
FN:11,(anonymous_2)
FN:14,(anonymous_3)
FN:18,(anonymous_4)
FN:28,(anonymous_5)
FN:33,(anonymous_6)
FN:40,(anonymous_7)
FNF:7
FNH:7
FNDA:1,(anonymous_1)
FNDA:1,(anonymous_2)
FNDA:1,(anonymous_3)
FNDA:1,(anonymous_4)
FNDA:1,(anonymous_5)
FNDA:1,(anonymous_6)
FNDA:1,(anonymous_7)
DA:1,1
DA:3,1
DA:5,1
DA:7,1
DA:9,1
DA:11,1
DA:14,1
DA:15,1
DA:16,1
DA:18,1
DA:19,1
DA:20,1
DA:21,1
DA:22,1
DA:24,1
DA:25,1
DA:28,1
DA:30,1
DA:31,1
DA:33,1
DA:34,1
DA:35,1
DA:36,1
DA:37,1
DA:38,0
DA:40,1
DA:41,1
DA:42,1
DA:43,1
DA:45,1
DA:46,1
DA:48,1
LF:32
LH:31
BRF:0
BRH:0
end_of_record
TN:
SF:/Users/mathiaspeter/projects/systemhealth/_src/index.coffee
FNF:0
FNH:0
DA:1,1
DA:3,1
LF:2
LH:2
BRF:0
BRH:0
end_of_record
TN:
SF:/Users/mathiaspeter/projects/systemhealth/_src/lib/systemhealth.coffee
FN:23,SystemHealth
FN:26,defaults
FN:65,constructor
FN:93,(anonymous_1)
FN:113,_init
FN:147,start
FN:150,(anonymous_2)
FN:169,stop
FN:187,die
FN:207,resurrect
FN:229,getState
FN:243,_onMetric
FN:258,_recheck
FN:277,_checkTimeout
FN:278,(anonymous_3)
FN:279,_timeout
FN:282,(anonymous_4)
FN:298,_check
FN:304,(anonymous_5)
FN:309,(anonymous_6)
FN:310,(anonymous_7)
FN:385,ERRORS
FNF:22
FNH:19
FNDA:1,SystemHealth
FNDA:2,defaults
FNDA:2,constructor
FNDA:0,(anonymous_1)
FNDA:2,_init
FNDA:2,start
FNDA:1,(anonymous_2)
FNDA:2,stop
FNDA:1,die
FNDA:0,resurrect
FNDA:2,getState
FNDA:1,_onMetric
FNDA:3,_recheck
FNDA:4,_checkTimeout
FNDA:6,(anonymous_3)
FNDA:0,_timeout
FNDA:6,(anonymous_4)
FNDA:3,_check
FNDA:1,(anonymous_5)
FNDA:3,(anonymous_6)
FNDA:3,(anonymous_7)
FNDA:2,ERRORS
DA:10,1
DA:11,1
DA:14,1
DA:15,1
DA:17,1
DA:21,1
DA:23,1
DA:27,2
DA:66,2
DA:68,2
DA:69,0
DA:70,0
DA:73,2
DA:74,0
DA:75,0
DA:78,2
DA:81,2
DA:93,2
DA:94,0
DA:95,0
DA:97,2
DA:98,2
DA:114,2
DA:115,2
DA:116,2
DA:117,2
DA:120,2
DA:121,2
DA:123,0
DA:125,2
DA:126,2
DA:127,2
DA:128,4
DA:129,4
DA:130,4
DA:131,4
DA:133,0
DA:134,2
DA:148,2
DA:149,2
DA:150,2
DA:151,1
DA:152,1
DA:153,1
DA:154,1
DA:155,1
DA:156,2
DA:170,2
DA:171,2
DA:172,2
DA:173,2
DA:188,1
DA:189,1
DA:190,1
DA:191,1
DA:192,1
DA:193,1
DA:208,0
DA:209,0
DA:210,0
DA:211,0
DA:212,0
DA:213,0
DA:230,2
DA:244,1
DA:245,1
DA:259,3
DA:260,3
DA:261,3
DA:278,4
DA:279,6
DA:280,0
DA:281,0
DA:282,6
DA:283,6
DA:284,6
DA:285,5
DA:286,6
DA:287,6
DA:300,3
DA:303,3
DA:304,3
DA:305,1
DA:306,1
DA:309,3
DA:310,3
DA:311,3
DA:312,0
DA:313,0
DA:315,3
DA:318,3
DA:319,3
DA:320,3
DA:323,3
DA:325,6
DA:326,2
DA:328,4
DA:329,4
DA:332,6
DA:333,4
DA:334,4
DA:336,2
DA:337,2
DA:338,2
DA:339,2
DA:344,6
DA:345,6
DA:346,2
DA:349,6
DA:350,1
DA:351,5
DA:352,4
DA:355,3
DA:356,0
DA:358,3
DA:361,3
DA:362,1
DA:363,1
DA:366,2
DA:367,0
DA:369,2
DA:370,1
DA:371,3
DA:372,3
DA:386,2
DA:389,2
DA:393,1
LF:127
LH:107
BRDA:68,1,0,0
BRDA:68,1,1,2
BRDA:73,2,0,0
BRDA:73,2,1,2
BRDA:120,3,0,2
BRDA:120,3,1,0
BRDA:128,4,0,4
BRDA:128,4,1,0
BRDA:171,5,0,2
BRDA:171,5,1,0
BRDA:188,6,0,0
BRDA:188,6,1,1
BRDA:208,7,0,0
BRDA:208,7,1,0
BRDA:259,8,0,1
BRDA:259,8,1,2
BRDA:311,9,0,0
BRDA:311,9,1,3
BRDA:325,10,0,2
BRDA:325,10,1,4
BRDA:332,11,0,4
BRDA:332,11,1,2
BRDA:344,12,0,2
BRDA:344,12,1,4
BRDA:345,13,0,2
BRDA:345,13,1,4
BRDA:349,14,0,1
BRDA:349,14,1,5
BRDA:351,15,0,4
BRDA:351,15,1,1
BRDA:355,16,0,0
BRDA:355,16,1,3
BRDA:361,17,0,1
BRDA:361,17,1,2
BRDA:366,18,0,0
BRDA:366,18,1,2
BRF:36
BRH:25
end_of_record
TN:
SF:/Users/mathiaspeter/projects/systemhealth/_src/lib/utils.coffee
FN:25,randomString
FN:52,randRange
FNF:2
FNH:1
FNDA:0,randomString
FNDA:2,randRange
DA:8,1
DA:26,0
DA:27,0
DA:28,0
DA:29,0
DA:31,0
DA:32,0
DA:34,0
DA:35,0
DA:36,0
DA:37,0
DA:38,0
DA:53,2
LF:13
LH:2
BRDA:27,1,0,0
BRDA:27,1,1,0
BRDA:28,2,0,0
BRDA:28,2,1,0
BRDA:29,3,0,0
BRDA:29,3,1,0
BRF:6
BRH:0
end_of_record
